#
# A fatal error has been detected by the Java Runtime Environment:
#
#  SIGSEGV (0xb) at pc=0x00007f6bed638e73, pid=6087, tid=0x00007f6bd4af4700
#
# JRE version: OpenJDK Runtime Environment (8.0_222-b10) (build 1.8.0_222-8u222-b10-1ubuntu1~18.04.1-b10)
# Java VM: OpenJDK 64-Bit Server VM (25.222-b10 mixed mode linux-amd64 compressed oops)
# Problematic frame:
# V  [libjvm.so+0x968e73]
#
# Failed to write core dump. Core dumps have been disabled. To enable core dumping, try "ulimit -c unlimited" before starting Java again
#
# If you would like to submit a bug report, please visit:
#   http://bugreport.java.com/bugreport/crash.jsp
#

---------------  T H R E A D  ---------------

Current thread (0x00007f6be8145800):  VMThread [stack: 0x00007f6bd49f5000,0x00007f6bd4af5000] [id=6095]

siginfo: si_signo: 11 (SIGSEGV), si_code: 1 (SEGV_MAPERR), si_addr: 0x0000000000000008

Registers:
RAX=0x0000000000000001, RBX=0x0000000771879be0, RCX=0x0000000000000003, RDX=0x00007f6bedc17960
RSP=0x00007f6bd4af3460, RBP=0x00007f6bd4af3500, RSI=0x0000000771879be0, RDI=0x0000000000000000
R8 =0x0000000000000000, R9 =0x0000000777b9e440, R10=0x0000000000000001, R11=0x0000000777b9e5d0
R12=0x00007f6be8142f80, R13=0x0000000000000001, R14=0x00007f6be8142fe8, R15=0x00007f6bedc17970
RIP=0x00007f6bed638e73, EFLAGS=0x0000000000010246, CSGSFS=0x002b000000000033, ERR=0x0000000000000004
  TRAPNO=0x000000000000000e

Top of Stack: (sp=0x00007f6bd4af3460)
0x00007f6bd4af3460:   00007f6bd4af34a0 00007f6bd4af34a0
0x00007f6bd4af3470:   00007f6bd4af39b0 0000000000000210
0x00007f6bd4af3480:   00007f6b00000042 0000000000000001
0x00007f6bd4af3490:   0000000777b9e3e0 0000000000001000
0x00007f6bd4af34a0:   00007f6bd4af3550 00007f6bed63921a
0x00007f6bd4af34b0:   00007f6bd4af39b0 00007f6bd4af39b0
0x00007f6bd4af34c0:   00007f6bd4af39b0 2f3ebf9b05532900
0x00007f6bd4af34d0:   00007f6b00000008 00007f6be8142f80
0x00007f6bd4af34e0:   0000000777afe0cc 0000000000000001
0x00007f6bd4af34f0:   00007f6be8142fe8 00007f6bedc17970
0x00007f6bd4af3500:   00007f6bd4af3550 00007f6bed638788
0x00007f6bd4af3510:   0000001400000000 2f3ebf9b05532900
0x00007f6bd4af3520:   0000000000000001 00007f6bd4af3870
0x00007f6bd4af3530:   00000007778d28b0 00007f6be8144d80
0x00007f6bd4af3540:   00007f6bd4af38c0 00007f6bd4af38c0
0x00007f6bd4af3550:   00007f6bd4af3570 00007f6bed63c21a
0x00007f6bd4af3560:   00007f6bedc359ea 00007f6bedc359ea
0x00007f6bd4af3570:   00007f6bd4af35f0 00007f6bed64348a
0x00007f6bd4af3580:   00007f6bd4af35f0 00000000000083b0
0x00007f6bd4af3590:   00007f6bd4af3870 00007f6bb8031478
0x00007f6bd4af35a0:   00007f6bb80297a0 00007f6be8144d80
0x00007f6bd4af35b0:   00007f6bb8029490 00000007778b84e0
0x00007f6bd4af35c0:   0000000000000006 00007f6be80024b0
0x00007f6bd4af35d0:   00007f6be80a15f0 00007f6bedc3f680
0x00007f6bd4af35e0:   00007f6bd4af38c0 0000000000000002
0x00007f6bd4af35f0:   00007f6bd4af3680 00007f6bed643df4
0x00007f6bd4af3600:   00007f6bd4af3630 00000000ed5c115e
0x00007f6bd4af3610:   0000000000000832 00007f6bd4af3870
0x00007f6bd4af3620:   0000000000000cf4 00007f6bd4af36e0
0x00007f6bd4af3630:   00007f6bed807d15 0000000000000006
0x00007f6bd4af3640:   00007f6bd4af36f8 2f3ebf9b05532900
0x00007f6bd4af3650:   00007f6bd4af3680 00007f6bd4af36e0 

Instructions: (pc=0x00007f6bed638e73)
0x00007f6bed638e53:   41 be 01 00 00 00 e9 b8 fe ff ff 66 90 48 8d 15
0x00007f6bed638e63:   f9 ea 5d 00 8b 7e 08 8b 4a 08 48 d3 e7 48 03 3a
0x00007f6bed638e73:   8b 4f 08 83 f9 00 0f 8f 86 fd ff ff 0f 84 03 fe
0x00007f6bed638e83:   ff ff 3c 01 48 8d 15 de dd 5c 00 48 19 c0 83 e0 

Register to memory mapping:

RAX=0x0000000000000001 is an unknown value
RBX=0x0000000771879be0 is an unknown value
RCX=0x0000000000000003 is an unknown value
RDX=0x00007f6bedc17960: <offset 0xf47960> in /usr/lib/jvm/java-8-openjdk-amd64/jre/lib/amd64/server/libjvm.so at 0x00007f6beccd0000
RSP=0x00007f6bd4af3460 is an unknown value
RBP=0x00007f6bd4af3500 is an unknown value
RSI=0x0000000771879be0 is an unknown value
RDI=0x0000000000000000 is an unknown value
R8 =0x0000000000000000 is an unknown value
R9 =0x0000000777b9e440 is an unknown value
R10=0x0000000000000001 is an unknown value
R11=0x0000000777b9e5d0 is an unknown value
R12=0x00007f6be8142f80 is an unknown value
R13=0x0000000000000001 is an unknown value
R14=0x00007f6be8142fe8 is an unknown value
R15=0x00007f6bedc17970: <offset 0xf47970> in /usr/lib/jvm/java-8-openjdk-amd64/jre/lib/amd64/server/libjvm.so at 0x00007f6beccd0000


Stack: [0x00007f6bd49f5000,0x00007f6bd4af5000],  sp=0x00007f6bd4af3460,  free space=1017k
Native frames: (J=compiled Java code, j=interpreted, Vv=VM code, C=native code)
V  [libjvm.so+0x968e73]
V  [libjvm.so+0x968788]
V  [libjvm.so+0x96c21a]
V  [libjvm.so+0x97348a]
V  [libjvm.so+0x973df4]
V  [libjvm.so+0x9744bc]
V  [libjvm.so+0x96b1ba]
V  [libjvm.so+0x9641f9]
V  [libjvm.so+0x457273]
V  [libjvm.so+0xab9b11]
V  [libjvm.so+0xabf1d6]
V  [libjvm.so+0xabd4d5]
V  [libjvm.so+0xabddad]
V  [libjvm.so+0xabe1b8]
V  [libjvm.so+0x8f0732]

VM_Operation (0x00007f6beeaa1760): CollectForMetadataAllocation, mode: safepoint, requested by thread 0x00007f6be8010800


---------------  P R O C E S S  ---------------

Java Threads: ( => current thread )
  0x00007f6be9315800 JavaThread "mysql-cj-abandoned-connection-cleanup" daemon [_thread_blocked, id=6120, stack(0x00007f6b86de6000,0x00007f6b86ee7000)]
  0x00007f6be9308000 JavaThread "container-0" [_thread_blocked, id=6119, stack(0x00007f6b86ee7000,0x00007f6b86fe8000)]
  0x00007f6b883a6000 JavaThread "Catalina-utility-2" [_thread_blocked, id=6118, stack(0x00007f6ba40ee000,0x00007f6ba41ef000)]
  0x00007f6be9305800 JavaThread "Catalina-utility-1" [_thread_blocked, id=6117, stack(0x00007f6ba4afa000,0x00007f6ba4bfb000)]
  0x00007f6ba8001000 JavaThread "Attach Listener" daemon [_thread_blocked, id=6111, stack(0x00007f6ba43ef000,0x00007f6ba44f0000)]
  0x00007f6be858f800 JavaThread "Service Thread" daemon [_thread_blocked, id=6103, stack(0x00007f6ba4cfc000,0x00007f6ba4dfd000)]
  0x00007f6be858c800 JavaThread "C1 CompilerThread2" daemon [_thread_blocked, id=6102, stack(0x00007f6ba4dfe000,0x00007f6ba4efe000)]
  0x00007f6be858a800 JavaThread "C2 CompilerThread1" daemon [_thread_in_native, id=6101, stack(0x00007f6ba4eff000,0x00007f6ba4fff000)]
  0x00007f6be8588800 JavaThread "C2 CompilerThread0" daemon [_thread_blocked, id=6100, stack(0x00007f6bbc2df000,0x00007f6bbc3df000)]
  0x00007f6be8587000 JavaThread "Monitor Ctrl-Break" daemon [_thread_in_native, id=6099, stack(0x00007f6bbc3df000,0x00007f6bbc4e0000)]
  0x00007f6be8184000 JavaThread "Signal Dispatcher" daemon [_thread_blocked, id=6098, stack(0x00007f6bd4413000,0x00007f6bd4514000)]
  0x00007f6be8151800 JavaThread "Finalizer" daemon [_thread_blocked, id=6097, stack(0x00007f6bd47f2000,0x00007f6bd48f3000)]
  0x00007f6be814f000 JavaThread "Reference Handler" daemon [_thread_blocked, id=6096, stack(0x00007f6bd48f3000,0x00007f6bd49f4000)]
  0x00007f6be8010800 JavaThread "main" [_thread_blocked, id=6090, stack(0x00007f6bee9a5000,0x00007f6beeaa5000)]

Other Threads:
=>0x00007f6be8145800 VMThread [stack: 0x00007f6bd49f5000,0x00007f6bd4af5000] [id=6095]
  0x00007f6be8592000 WatcherThread [stack: 0x00007f6ba4bfc000,0x00007f6ba4cfc000] [id=6104]

VM state:at safepoint (normal execution)

VM Mutex/Monitor currently owned by a thread:  ([mutex/lock_event])
[0x00007f6be800d100] Threads_lock - owner thread: 0x00007f6be8145800
[0x00007f6be800d600] Heap_lock - owner thread: 0x00007f6be8010800

heap address: 0x00000006c9c00000, size: 3940 MB, Compressed Oops mode: Zero based, Oop shift amount: 3
Narrow klass base: 0x0000000000000000, Narrow klass shift: 3
Compressed class space size: 1073741824 Address: 0x00000007c0000000

Heap:
 PSYoungGen      total 130560K, used 109124K [0x000000076df00000, 0x0000000777f80000, 0x00000007c0000000)
  eden space 120320K, 83% used [0x000000076df00000,0x0000000774099450,0x0000000775480000)
  from space 10240K, 89% used [0x0000000775480000,0x0000000775d77ef8,0x0000000775e80000)
  to   space 12288K, 67% used [0x0000000777380000,0x0000000777ba63e0,0x0000000777f80000)
 ParOldGen       total 104448K, used 8667K [0x00000006c9c00000, 0x00000006d0200000, 0x000000076df00000)
  object space 104448K, 8% used [0x00000006c9c00000,0x00000006ca476fc8,0x00000006d0200000)
 Metaspace       used 33706K, capacity 35364K, committed 35416K, reserved 1079296K
  class space    used 4377K, capacity 4694K, committed 4736K, reserved 1048576K

Card table byte_map: [0x00007f6bd73f9000,0x00007f6bd7bac000] byte_map_base: 0x00007f6bd3dab000

Marking Bits: (ParMarkBitMap*) 0x00007f6bedc3f360
 Begin Bits: [0x00007f6bbc4e0000, 0x00007f6bc0270000)
 End Bits:   [0x00007f6bc0270000, 0x00007f6bc4000000)

Polling page: 0x00007f6beeac0000

CodeCache: size=245760Kb used=9903Kb max_used=9916Kb free=235856Kb
 bounds [0x00007f6bd7f6c000, 0x00007f6bd892c000, 0x00007f6be6f6c000]
 total_blobs=3338 nmethods=2948 adapters=304
 compilation: enabled

Compilation events (10 events):
Event: 5.215 Thread 0x00007f6be8588800 nmethod 2943 0x00007f6bd890ad90 code [0x00007f6bd890aee0, 0x00007f6bd890af98]
Event: 5.216 Thread 0x00007f6be8588800 2953       4       java.util.WeakHashMap::remove (133 bytes)
Event: 5.221 Thread 0x00007f6be8588800 nmethod 2953 0x00007f6bd8918bd0 code [0x00007f6bd8918d40, 0x00007f6bd8918fe8]
Event: 5.222 Thread 0x00007f6be858c800 2954       3       java.util.zip.ZipCoder::getBytes (192 bytes)
Event: 5.224 Thread 0x00007f6be8588800 2956       4       java.io.UnixFileSystem::resolve (103 bytes)
Event: 5.225 Thread 0x00007f6be858c800 nmethod 2954 0x00007f6bd891b750 code [0x00007f6bd891bb00, 0x00007f6bd891ddd8]
Event: 5.225 Thread 0x00007f6be858c800 2955   !   3       sun.misc.URLClassPath$JarLoader::getResource (85 bytes)
Event: 5.226 Thread 0x00007f6be858c800 nmethod 2955 0x00007f6bd891a550 code [0x00007f6bd891a780, 0x00007f6bd891b218]
Event: 5.231 Thread 0x00007f6be8588800 nmethod 2956 0x00007f6bd890ced0 code [0x00007f6bd890d060, 0x00007f6bd890d798]
Event: 5.232 Thread 0x00007f6be8588800 2957  s!   4       java.net.URLStreamHandler::getHostAddress (54 bytes)

GC Heap History (10 events):
Event: 2.188 GC heap after
Heap after GC invocations=2 (full 0):
 PSYoungGen      total 74240K, used 7241K [0x000000076df00000, 0x0000000777000000, 0x00000007c0000000)
  eden space 64000K, 0% used [0x000000076df00000,0x000000076df00000,0x0000000771d80000)
  from space 10240K, 70% used [0x0000000772780000,0x0000000772e925b8,0x0000000773180000)
  to   space 10240K, 0% used [0x0000000771d80000,0x0000000771d80000,0x0000000772780000)
 ParOldGen       total 169472K, used 24K [0x00000006c9c00000, 0x00000006d4180000, 0x000000076df00000)
  object space 169472K, 0% used [0x00000006c9c00000,0x00000006c9c06000,0x00000006d4180000)
 Metaspace       used 15668K, capacity 16184K, committed 16256K, reserved 1062912K
  class space    used 1986K, capacity 2144K, committed 2176K, reserved 1048576K
}
Event: 2.969 GC heap before
{Heap before GC invocations=3 (full 0):
 PSYoungGen      total 74240K, used 57856K [0x000000076df00000, 0x0000000777000000, 0x00000007c0000000)
  eden space 64000K, 79% used [0x000000076df00000,0x000000077106daf8,0x0000000771d80000)
  from space 10240K, 70% used [0x0000000772780000,0x0000000772e925b8,0x0000000773180000)
  to   space 10240K, 0% used [0x0000000771d80000,0x0000000771d80000,0x0000000772780000)
 ParOldGen       total 169472K, used 24K [0x00000006c9c00000, 0x00000006d4180000, 0x000000076df00000)
  object space 169472K, 0% used [0x00000006c9c00000,0x00000006c9c06000,0x00000006d4180000)
 Metaspace       used 20578K, capacity 21158K, committed 21248K, reserved 1067008K
  class space    used 2594K, capacity 2765K, committed 2816K, reserved 1048576K
Event: 2.988 GC heap after
Heap after GC invocations=3 (full 0):
 PSYoungGen      total 74240K, used 8964K [0x000000076df00000, 0x0000000777000000, 0x00000007c0000000)
  eden space 64000K, 0% used [0x000000076df00000,0x000000076df00000,0x0000000771d80000)
  from space 10240K, 87% used [0x0000000771d80000,0x0000000772641240,0x0000000772780000)
  to   space 10240K, 0% used [0x0000000776600000,0x0000000776600000,0x0000000777000000)
 ParOldGen       total 169472K, used 32K [0x00000006c9c00000, 0x00000006d4180000, 0x000000076df00000)
  object space 169472K, 0% used [0x00000006c9c00000,0x00000006c9c08000,0x00000006d4180000)
 Metaspace       used 20578K, capacity 21158K, committed 21248K, reserved 1067008K
  class space    used 2594K, capacity 2765K, committed 2816K, reserved 1048576K
}
Event: 2.988 GC heap before
{Heap before GC invocations=4 (full 1):
 PSYoungGen      total 74240K, used 8964K [0x000000076df00000, 0x0000000777000000, 0x00000007c0000000)
  eden space 64000K, 0% used [0x000000076df00000,0x000000076df00000,0x0000000771d80000)
  from space 10240K, 87% used [0x0000000771d80000,0x0000000772641240,0x0000000772780000)
  to   space 10240K, 0% used [0x0000000776600000,0x0000000776600000,0x0000000777000000)
 ParOldGen       total 169472K, used 32K [0x00000006c9c00000, 0x00000006d4180000, 0x000000076df00000)
  object space 169472K, 0% used [0x00000006c9c00000,0x00000006c9c08000,0x00000006d4180000)
 Metaspace       used 20578K, capacity 21158K, committed 21248K, reserved 1067008K
  class space    used 2594K, capacity 2765K, committed 2816K, reserved 1048576K
Event: 3.045 GC heap after
Heap after GC invocations=4 (full 1):
 PSYoungGen      total 74240K, used 0K [0x000000076df00000, 0x0000000777000000, 0x00000007c0000000)
  eden space 64000K, 0% used [0x000000076df00000,0x000000076df00000,0x0000000771d80000)
  from space 10240K, 0% used [0x0000000771d80000,0x0000000771d80000,0x0000000772780000)
  to   space 10240K, 0% used [0x0000000776600000,0x0000000776600000,0x0000000777000000)
 ParOldGen       total 104448K, used 8651K [0x00000006c9c00000, 0x00000006d0200000, 0x000000076df00000)
  object space 104448K, 8% used [0x00000006c9c00000,0x00000006ca472fc8,0x00000006d0200000)
 Metaspace       used 20578K, capacity 21158K, committed 21248K, reserved 1067008K
  class space    used 2594K, capacity 2765K, committed 2816K, reserved 1048576K
}
Event: 3.342 GC heap before
{Heap before GC invocations=5 (full 1):
 PSYoungGen      total 74240K, used 64000K [0x000000076df00000, 0x0000000777000000, 0x00000007c0000000)
  eden space 64000K, 100% used [0x000000076df00000,0x0000000771d80000,0x0000000771d80000)
  from space 10240K, 0% used [0x0000000771d80000,0x0000000771d80000,0x0000000772780000)
  to   space 10240K, 0% used [0x0000000776600000,0x0000000776600000,0x0000000777000000)
 ParOldGen       total 104448K, used 8651K [0x00000006c9c00000, 0x00000006d0200000, 0x000000076df00000)
  object space 104448K, 8% used [0x00000006c9c00000,0x00000006ca472fc8,0x00000006d0200000)
 Metaspace       used 21772K, capacity 22446K, committed 22656K, reserved 1069056K
  class space    used 2734K, capacity 2925K, committed 2944K, reserved 1048576K
Event: 3.346 GC heap after
Heap after GC invocations=5 (full 1):
 PSYoungGen      total 97792K, used 2292K [0x000000076df00000, 0x0000000776880000, 0x00000007c0000000)
  eden space 95232K, 0% used [0x000000076df00000,0x000000076df00000,0x0000000773c00000)
  from space 2560K, 89% used [0x0000000776600000,0x000000077683d3c0,0x0000000776880000)
  to   space 10240K, 0% used [0x0000000775480000,0x0000000775480000,0x0000000775e80000)
 ParOldGen       total 104448K, used 8659K [0x00000006c9c00000, 0x00000006d0200000, 0x000000076df00000)
  object space 104448K, 8% used [0x00000006c9c00000,0x00000006ca474fc8,0x00000006d0200000)
 Metaspace       used 21772K, capacity 22446K, committed 22656K, reserved 1069056K
  class space    used 2734K, capacity 2925K, committed 2944K, reserved 1048576K
}
Event: 4.560 GC heap before
{Heap before GC invocations=6 (full 1):
 PSYoungGen      total 97792K, used 97524K [0x000000076df00000, 0x0000000776880000, 0x00000007c0000000)
  eden space 95232K, 100% used [0x000000076df00000,0x0000000773c00000,0x0000000773c00000)
  from space 2560K, 89% used [0x0000000776600000,0x000000077683d3c0,0x0000000776880000)
  to   space 10240K, 0% used [0x0000000775480000,0x0000000775480000,0x0000000775e80000)
 ParOldGen       total 104448K, used 8659K [0x00000006c9c00000, 0x00000006d0200000, 0x000000076df00000)
  object space 104448K, 8% used [0x00000006c9c00000,0x00000006ca474fc8,0x00000006d0200000)
 Metaspace       used 27739K, capacity 29308K, committed 29568K, reserved 1075200K
  class space    used 3590K, capacity 3888K, committed 3968K, reserved 1048576K
Event: 4.577 GC heap after
Heap after GC invocations=6 (full 1):
 PSYoungGen      total 130560K, used 9183K [0x000000076df00000, 0x0000000777f80000, 0x00000007c0000000)
  eden space 120320K, 0% used [0x000000076df00000,0x000000076df00000,0x0000000775480000)
  from space 10240K, 89% used [0x0000000775480000,0x0000000775d77ef8,0x0000000775e80000)
  to   space 12288K, 0% used [0x0000000777380000,0x0000000777380000,0x0000000777f80000)
 ParOldGen       total 104448K, used 8659K [0x00000006c9c00000, 0x00000006d0200000, 0x000000076df00000)
  object space 104448K, 8% used [0x00000006c9c00000,0x00000006ca474fc8,0x00000006d0200000)
 Metaspace       used 27739K, capacity 29308K, committed 29568K, reserved 1075200K
  class space    used 3590K, capacity 3888K, committed 3968K, reserved 1048576K
}
Event: 5.232 GC heap before
{Heap before GC invocations=7 (full 1):
 PSYoungGen      total 130560K, used 109124K [0x000000076df00000, 0x0000000777f80000, 0x00000007c0000000)
  eden space 120320K, 83% used [0x000000076df00000,0x0000000774099450,0x0000000775480000)
  from space 10240K, 89% used [0x0000000775480000,0x0000000775d77ef8,0x0000000775e80000)
  to   space 12288K, 0% used [0x0000000777380000,0x0000000777380000,0x0000000777f80000)
 ParOldGen       total 104448K, used 8659K [0x00000006c9c00000, 0x00000006d0200000, 0x000000076df00000)
  object space 104448K, 8% used [0x00000006c9c00000,0x00000006ca474fc8,0x00000006d0200000)
 Metaspace       used 33706K, capacity 35364K, committed 35416K, reserved 1079296K
  class space    used 4377K, capacity 4694K, committed 4736K, reserved 1048576K

Deoptimization events (10 events):
Event: 4.901 Thread 0x00007f6be8010800 Uncommon trap: reason=unstable_if action=reinterpret pc=0x00007f6bd86a9694 method=org.springframework.boot.context.properties.source.ConfigurationPropertyName$Elements.getLength(I)I @ 13
Event: 4.951 Thread 0x00007f6be9315800 Uncommon trap: reason=unstable_if action=reinterpret pc=0x00007f6bd839d408 method=java.util.zip.ZipCoder.getBytes(Ljava/lang/String;)[B @ 32
Event: 4.951 Thread 0x00007f6be9315800 Uncommon trap: reason=unstable_if action=reinterpret pc=0x00007f6bd8395efc method=java.util.zip.ZipCoder.getBytes(Ljava/lang/String;)[B @ 32
Event: 4.951 Thread 0x00007f6be9315800 Uncommon trap: reason=unstable_if action=reinterpret pc=0x00007f6bd83a63c8 method=java.util.zip.ZipCoder.getBytes(Ljava/lang/String;)[B @ 32
Event: 4.951 Thread 0x00007f6be9315800 Uncommon trap: reason=unstable_if action=reinterpret pc=0x00007f6bd8376f70 method=java.util.zip.ZipCoder.getBytes(Ljava/lang/String;)[B @ 32
Event: 4.951 Thread 0x00007f6be9315800 Uncommon trap: reason=unstable_if action=reinterpret pc=0x00007f6bd834bba8 method=java.net.URL.<init>(Ljava/net/URL;Ljava/lang/String;Ljava/net/URLStreamHandler;)V @ 57
Event: 4.952 Thread 0x00007f6be8010800 Uncommon trap: reason=unstable_if action=reinterpret pc=0x00007f6bd81a7c44 method=java.lang.AbstractStringBuilder.append(Ljava/lang/String;)Ljava/lang/AbstractStringBuilder; @ 1
Event: 4.970 Thread 0x00007f6be8010800 Uncommon trap: reason=unstable_if action=reinterpret pc=0x00007f6bd889f274 method=java.util.concurrent.ConcurrentHashMap.get(Ljava/lang/Object;)Ljava/lang/Object; @ 152
Event: 4.995 Thread 0x00007f6be8010800 Uncommon trap: reason=null_check action=make_not_entrant pc=0x00007f6bd863f428 method=org.springframework.util.ClassUtils.isAssignable(Ljava/lang/Class;Ljava/lang/Class;)Z @ 14
Event: 4.995 Thread 0x00007f6be8010800 Uncommon trap: reason=unstable_if action=reinterpret pc=0x00007f6bd863c3d4 method=java.util.IdentityHashMap.nextKeyIndex(II)I @ 4

Classes redefined (0 events):
No events

Internal exceptions (10 events):
Event: 4.933 Thread 0x00007f6be8010800 Exception <a 'java/lang/NullPointerException'> (0x000000077224d938) thrown at [/build/openjdk-8-OqY7zN/openjdk-8-8u222-b10/src/hotspot/src/share/vm/runtime/sharedRuntime.cpp, line 605]
Event: 4.933 Thread 0x00007f6be8010800 Implicit null exception at 0x00007f6bd8602b95 to 0x00007f6bd8603130
Event: 4.933 Thread 0x00007f6be8010800 Exception <a 'java/lang/NullPointerException'> (0x000000077224e5a0) thrown at [/build/openjdk-8-OqY7zN/openjdk-8-8u222-b10/src/hotspot/src/share/vm/runtime/sharedRuntime.cpp, line 605]
Event: 4.934 Thread 0x00007f6be8010800 Implicit null exception at 0x00007f6bd8602b95 to 0x00007f6bd8603130
Event: 4.934 Thread 0x00007f6be8010800 Exception <a 'java/lang/NullPointerException'> (0x000000077224f9a8) thrown at [/build/openjdk-8-OqY7zN/openjdk-8-8u222-b10/src/hotspot/src/share/vm/runtime/sharedRuntime.cpp, line 605]
Event: 4.934 Thread 0x00007f6be8010800 Implicit null exception at 0x00007f6bd8602b95 to 0x00007f6bd8603130
Event: 4.934 Thread 0x00007f6be8010800 Exception <a 'java/lang/NullPointerException'> (0x00000007722505f8) thrown at [/build/openjdk-8-OqY7zN/openjdk-8-8u222-b10/src/hotspot/src/share/vm/runtime/sharedRuntime.cpp, line 605]
Event: 4.952 Thread 0x00007f6be8010800 Implicit null exception at 0x00007f6bd81a7875 to 0x00007f6bd81a7c31
Event: 4.953 Thread 0x00007f6be8010800 Implicit null exception at 0x00007f6bd8602b95 to 0x00007f6bd8603130
Event: 4.953 Thread 0x00007f6be8010800 Exception <a 'java/lang/NullPointerException'> (0x00000007722c7e88) thrown at [/build/openjdk-8-OqY7zN/openjdk-8-8u222-b10/src/hotspot/src/share/vm/runtime/sharedRuntime.cpp, line 605]

Events (10 events):
Event: 5.230 loading class net/bytebuddy/implementation/bind/MethodDelegationBinder$Record done
Event: 5.231 loading class net/bytebuddy/implementation/MethodDelegation$WithCustomProperties
Event: 5.231 loading class net/bytebuddy/implementation/MethodDelegation$WithCustomProperties done
Event: 5.231 loading class net/bytebuddy/implementation/bind/MethodDelegationBinder$BindingResolver
Event: 5.231 loading class net/bytebuddy/implementation/bind/MethodDelegationBinder$BindingResolver done
Event: 5.231 loading class net/bytebuddy/implementation/MethodDelegation$ImplementationDelegate
Event: 5.231 loading class net/bytebuddy/implementation/MethodDelegation$ImplementationDelegate done
Event: 5.232 loading class net/bytebuddy/dynamic/scaffold/FieldLocator$Factory
Event: 5.232 loading class net/bytebuddy/dynamic/scaffold/FieldLocator$Factory done
Event: 5.232 Executing VM operation: CollectForMetadataAllocation


Dynamic libraries:
6c9c00000-6d0200000 rw-p 00000000 00:00 0 
6d0200000-76df00000 ---p 00000000 00:00 0 
76df00000-777f80000 rw-p 00000000 00:00 0 
777f80000-7c0000000 ---p 00000000 00:00 0 
7c0000000-7c04a0000 rw-p 00000000 00:00 0 
7c04a0000-800000000 ---p 00000000 00:00 0 
5591f8956000-5591f8957000 r-xp 00000000 08:01 14418067                   /usr/lib/jvm/java-8-openjdk-amd64/jre/bin/java
5591f8b56000-5591f8b57000 r--p 00000000 08:01 14418067                   /usr/lib/jvm/java-8-openjdk-amd64/jre/bin/java
5591f8b57000-5591f8b58000 rw-p 00001000 08:01 14418067                   /usr/lib/jvm/java-8-openjdk-amd64/jre/bin/java
5591fa34a000-5591fa36b000 rw-p 00000000 00:00 0                          [heap]
7f6b78000000-7f6b78021000 rw-p 00000000 00:00 0 
7f6b78021000-7f6b7c000000 ---p 00000000 00:00 0 
7f6b7c000000-7f6b7c021000 rw-p 00000000 00:00 0 
7f6b7c021000-7f6b80000000 ---p 00000000 00:00 0 
7f6b80000000-7f6b80021000 rw-p 00000000 00:00 0 
7f6b80021000-7f6b84000000 ---p 00000000 00:00 0 
7f6b86be6000-7f6b86ddc000 rw-p 00000000 00:00 0 
7f6b86ddc000-7f6b86de6000 ---p 00000000 00:00 0 
7f6b86de6000-7f6b86de9000 ---p 00000000 00:00 0 
7f6b86de9000-7f6b86ee7000 rw-p 00000000 00:00 0 
7f6b86ee7000-7f6b86eea000 ---p 00000000 00:00 0 
7f6b86eea000-7f6b871e8000 rw-p 00000000 00:00 0 
7f6b871ee000-7f6b873ee000 rw-p 00000000 00:00 0 
7f6b873ee000-7f6b875ee000 rw-p 00000000 00:00 0 
7f6b875ee000-7f6b877ee000 rw-p 00000000 00:00 0 
7f6b877ee000-7f6b879ee000 rw-p 00000000 00:00 0 
7f6b879ee000-7f6b879ff000 r-xp 00000000 08:01 14552077                   /usr/lib/jvm/java-8-openjdk-amd64/jre/lib/amd64/libnio.so
7f6b879ff000-7f6b87bfe000 ---p 00011000 08:01 14552077                   /usr/lib/jvm/java-8-openjdk-amd64/jre/lib/amd64/libnio.so
7f6b87bfe000-7f6b87bff000 r--p 00010000 08:01 14552077                   /usr/lib/jvm/java-8-openjdk-amd64/jre/lib/amd64/libnio.so
7f6b87bff000-7f6b87c00000 rw-p 00011000 08:01 14552077                   /usr/lib/jvm/java-8-openjdk-amd64/jre/lib/amd64/libnio.so
7f6b87c00000-7f6b87e00000 rw-p 00000000 00:00 0 
7f6b87e00000-7f6b88000000 rw-p 00000000 00:00 0 
7f6b88000000-7f6b883b7000 rw-p 00000000 00:00 0 
7f6b883b7000-7f6b8c000000 ---p 00000000 00:00 0 
7f6b8c000000-7f6b8c021000 rw-p 00000000 00:00 0 
7f6b8c021000-7f6b90000000 ---p 00000000 00:00 0 
7f6b90000000-7f6b90021000 rw-p 00000000 00:00 0 
7f6b90021000-7f6b94000000 ---p 00000000 00:00 0 
7f6b94000000-7f6b94021000 rw-p 00000000 00:00 0 
7f6b94021000-7f6b98000000 ---p 00000000 00:00 0 
7f6b98000000-7f6b98f06000 rw-p 00000000 00:00 0 
7f6b98f06000-7f6b9c000000 ---p 00000000 00:00 0 
7f6b9c000000-7f6b9d2a7000 rw-p 00000000 00:00 0 
7f6b9d2a7000-7f6ba0000000 ---p 00000000 00:00 0 
7f6ba0000000-7f6ba1716000 rw-p 00000000 00:00 0 
7f6ba1716000-7f6ba4000000 ---p 00000000 00:00 0 
7f6ba40ee000-7f6ba40f1000 ---p 00000000 00:00 0 
7f6ba40f1000-7f6ba43ef000 rw-p 00000000 00:00 0 
7f6ba43ef000-7f6ba43f2000 ---p 00000000 00:00 0 
7f6ba43f2000-7f6ba44f0000 rw-p 00000000 00:00 0 
7f6ba44f0000-7f6ba44f9000 r-xp 00000000 08:01 14552071                   /usr/lib/jvm/java-8-openjdk-amd64/jre/lib/amd64/libmanagement.so
7f6ba44f9000-7f6ba46f8000 ---p 00009000 08:01 14552071                   /usr/lib/jvm/java-8-openjdk-amd64/jre/lib/amd64/libmanagement.so
7f6ba46f8000-7f6ba46f9000 r--p 00008000 08:01 14552071                   /usr/lib/jvm/java-8-openjdk-amd64/jre/lib/amd64/libmanagement.so
7f6ba46f9000-7f6ba46fa000 rw-p 00009000 08:01 14552071                   /usr/lib/jvm/java-8-openjdk-amd64/jre/lib/amd64/libmanagement.so
7f6ba46fa000-7f6ba48fa000 rw-p 00000000 00:00 0 
7f6ba48fa000-7f6ba4afa000 rw-p 00000000 00:00 0 
7f6ba4afa000-7f6ba4afd000 ---p 00000000 00:00 0 
7f6ba4afd000-7f6ba4bfb000 rw-p 00000000 00:00 0 
7f6ba4bfb000-7f6ba4bfc000 ---p 00000000 00:00 0 
7f6ba4bfc000-7f6ba4cfc000 rw-p 00000000 00:00 0 
7f6ba4cfc000-7f6ba4cff000 ---p 00000000 00:00 0 
7f6ba4cff000-7f6ba4dfd000 rw-p 00000000 00:00 0 
7f6ba4dfd000-7f6ba4dfe000 ---p 00000000 00:00 0 
7f6ba4dfe000-7f6ba4e01000 ---p 00000000 00:00 0 
7f6ba4e01000-7f6ba4efe000 rw-p 00000000 00:00 0 
7f6ba4efe000-7f6ba4eff000 ---p 00000000 00:00 0 
7f6ba4eff000-7f6ba4f02000 ---p 00000000 00:00 0 
7f6ba4f02000-7f6ba8000000 rw-p 00000000 00:00 0 
7f6ba8000000-7f6ba8021000 rw-p 00000000 00:00 0 
7f6ba8021000-7f6bac000000 ---p 00000000 00:00 0 
7f6bac000000-7f6bac02a000 rw-p 00000000 00:00 0 
7f6bac02a000-7f6bb0000000 ---p 00000000 00:00 0 
7f6bb0000000-7f6bb0021000 rw-p 00000000 00:00 0 
7f6bb0021000-7f6bb4000000 ---p 00000000 00:00 0 
7f6bb4000000-7f6bb4021000 rw-p 00000000 00:00 0 
7f6bb4021000-7f6bb8000000 ---p 00000000 00:00 0 
7f6bb8000000-7f6bb8032000 rw-p 00000000 00:00 0 
7f6bb8032000-7f6bbc000000 ---p 00000000 00:00 0 
7f6bbc0c7000-7f6bbc0dd000 r-xp 00000000 08:01 14552075                   /usr/lib/jvm/java-8-openjdk-amd64/jre/lib/amd64/libnet.so
7f6bbc0dd000-7f6bbc2dc000 ---p 00016000 08:01 14552075                   /usr/lib/jvm/java-8-openjdk-amd64/jre/lib/amd64/libnet.so
7f6bbc2dc000-7f6bbc2dd000 r--p 00015000 08:01 14552075                   /usr/lib/jvm/java-8-openjdk-amd64/jre/lib/amd64/libnet.so
7f6bbc2dd000-7f6bbc2de000 rw-p 00016000 08:01 14552075                   /usr/lib/jvm/java-8-openjdk-amd64/jre/lib/amd64/libnet.so
7f6bbc2de000-7f6bbc2df000 ---p 00000000 00:00 0 
7f6bbc2df000-7f6bbc2e2000 ---p 00000000 00:00 0 
7f6bbc2e2000-7f6bbc3df000 rw-p 00000000 00:00 0 
7f6bbc3df000-7f6bbc3e2000 ---p 00000000 00:00 0 
7f6bbc3e2000-7f6bc4000000 rw-p 00000000 00:00 0 
7f6bc4000000-7f6bc4021000 rw-p 00000000 00:00 0 
7f6bc4021000-7f6bc8000000 ---p 00000000 00:00 0 
7f6bc8000000-7f6bc8021000 rw-p 00000000 00:00 0 
7f6bc8021000-7f6bcc000000 ---p 00000000 00:00 0 
7f6bcc000000-7f6bcc021000 rw-p 00000000 00:00 0 
7f6bcc021000-7f6bd0000000 ---p 00000000 00:00 0 
7f6bd0000000-7f6bd0021000 rw-p 00000000 00:00 0 
7f6bd0021000-7f6bd4000000 ---p 00000000 00:00 0 
7f6bd40f6000-7f6bd40fb000 r--s 000a3000 08:01 14419382                   /usr/lib/jvm/java-8-openjdk-amd64/jre/lib/jsse.jar
7f6bd40fb000-7f6bd40fd000 r--s 0001b000 08:01 4719349                    /home/kunalsharma/Downloads/idea-IC-192.6262.58/lib/idea_rt.jar
7f6bd40fd000-7f6bd40fe000 r--s 00005000 08:01 4983127                    /home/kunalsharma/.m2/repository/org/springframework/spring-jcl/5.2.0.RELEASE/spring-jcl-5.2.0.RELEASE.jar
7f6bd40fe000-7f6bd4119000 r--s 00142000 08:01 4983121                    /home/kunalsharma/.m2/repository/org/springframework/spring-core/5.2.0.RELEASE/spring-core-5.2.0.RELEASE.jar
7f6bd4119000-7f6bd411d000 r--s 00019000 08:01 5112295                    /home/kunalsharma/.m2/repository/jakarta/xml/bind/jakarta.xml.bind-api/2.3.2/jakarta.xml.bind-api-2.3.2.jar
7f6bd411d000-7f6bd4136000 r--s 00220000 08:01 5112251                    /home/kunalsharma/.m2/repository/mysql/mysql-connector-java/8.0.18/mysql-connector-java-8.0.18.jar
7f6bd4136000-7f6bd413b000 r--s 00040000 08:01 4983134                    /home/kunalsharma/.m2/repository/org/springframework/spring-expression/5.2.0.RELEASE/spring-expression-5.2.0.RELEASE.jar
7f6bd413b000-7f6bd414d000 r--s 000d5000 08:01 5112279                    /home/kunalsharma/.m2/repository/org/springframework/spring-webmvc/5.2.0.RELEASE/spring-webmvc-5.2.0.RELEASE.jar
7f6bd414d000-7f6bd4169000 r--s 0013c000 08:01 5112280                    /home/kunalsharma/.m2/repository/org/springframework/spring-web/5.2.0.RELEASE/spring-web-5.2.0.RELEASE.jar
7f6bd4169000-7f6bd4186000 r--s 000fe000 08:01 5112274                    /home/kunalsharma/.m2/repository/org/hibernate/validator/hibernate-validator/6.0.17.Final/hibernate-validator-6.0.17.Final.jar
7f6bd4186000-7f6bd418b000 r--s 00012000 08:01 5112265                    /home/kunalsharma/.m2/repository/jakarta/validation/jakarta.validation-api/2.0.1/jakarta.validation-api-2.0.1.jar
7f6bd418b000-7f6bd418c000 r--s 00000000 08:01 5112273                    /home/kunalsharma/.m2/repository/org/springframework/boot/spring-boot-starter-validation/2.2.0.RELEASE/spring-boot-starter-validation-2.2.0.RELEASE.jar
7f6bd418c000-7f6bd4191000 r--s 0003c000 08:01 5112270                    /home/kunalsharma/.m2/repository/org/apache/tomcat/embed/tomcat-embed-websocket/9.0.27/tomcat-embed-websocket-9.0.27.jar
7f6bd4191000-7f6bd4196000 r--s 0003a000 08:01 5112268                    /home/kunalsharma/.m2/repository/org/apache/tomcat/embed/tomcat-embed-el/9.0.27/tomcat-embed-el-9.0.27.jar
7f6bd4196000-7f6bd41c1000 r--s 0030b000 08:01 5112262                    /home/kunalsharma/.m2/repository/org/apache/tomcat/embed/tomcat-embed-core/9.0.27/tomcat-embed-core-9.0.27.jar
7f6bd41c1000-7f6bd41c2000 r--s 00000000 08:01 5112255                    /home/kunalsharma/.m2/repository/org/springframework/boot/spring-boot-starter-tomcat/2.2.0.RELEASE/spring-boot-starter-tomcat-2.2.0.RELEASE.jar
7f6bd41c2000-7f6bd41c4000 r--s 00001000 08:01 5112267                    /home/kunalsharma/.m2/repository/com/fasterxml/jackson/module/jackson-module-parameter-names/2.10.0/jackson-module-parameter-names-2.10.0.jar
7f6bd41c4000-7f6bd41c7000 r--s 00017000 08:01 5112260                    /home/kunalsharma/.m2/repository/com/fasterxml/jackson/datatype/jackson-datatype-jsr310/2.10.0/jackson-datatype-jsr310-2.10.0.jar
7f6bd41c7000-7f6bd41c9000 r--s 00007000 08:01 5112257                    /home/kunalsharma/.m2/repository/com/fasterxml/jackson/datatype/jackson-datatype-jdk8/2.10.0/jackson-datatype-jdk8-2.10.0.jar
7f6bd41c9000-7f6bd41ce000 r--s 00051000 08:01 5112263                    /home/kunalsharma/.m2/repository/com/fasterxml/jackson/core/jackson-core/2.10.0/jackson-core-2.10.0.jar
7f6bd41ce000-7f6bd41d1000 r--s 0000e000 08:01 5112261                    /home/kunalsharma/.m2/repository/com/fasterxml/jackson/core/jackson-annotations/2.10.0/jackson-annotations-2.10.0.jar
7f6bd41d1000-7f6bd41e7000 r--s 00141000 08:01 5112266                    /home/kunalsharma/.m2/repository/com/fasterxml/jackson/core/jackson-databind/2.10.0/jackson-databind-2.10.0.jar
7f6bd41e7000-7f6bd41e8000 r--s 00000000 08:01 5112234                    /home/kunalsharma/.m2/repository/org/springframework/boot/spring-boot-starter-json/2.2.0.RELEASE/spring-boot-starter-json-2.2.0.RELEASE.jar
7f6bd41e8000-7f6bd41ef000 r--s 00044000 08:01 4983130                    /home/kunalsharma/.m2/repository/org/yaml/snakeyaml/1.25/snakeyaml-1.25.jar
7f6bd41ef000-7f6bd41f1000 r--s 00005000 08:01 4983062                    /home/kunalsharma/.m2/repository/jakarta/annotation/jakarta.annotation-api/1.3.5/jakarta.annotation-api-1.3.5.jar
7f6bd41f1000-7f6bd41f3000 r--s 00000000 08:01 4983088                    /home/kunalsharma/.m2/repository/org/slf4j/jul-to-slf4j/1.7.28/jul-to-slf4j-1.7.28.jar
7f6bd41f3000-7f6bd41f9000 r--s 0003e000 08:01 4983080                    /home/kunalsharma/.m2/repository/org/apache/logging/log4j/log4j-api/2.12.1/log4j-api-2.12.1.jar
7f6bd41f9000-7f6bd41fb000 r--s 00003000 08:01 4983115                    /home/kunalsharma/.m2/repository/org/apache/logging/log4j/log4j-to-slf4j/2.12.1/log4j-to-slf4j-2.12.1.jar
7f6bd41fb000-7f6bd4206000 r--s 00069000 08:01 4983102                    /home/kunalsharma/.m2/repository/ch/qos/logback/logback-core/1.2.3/logback-core-1.2.3.jar
7f6bd4206000-7f6bd420c000 r--s 00041000 08:01 4983071                    /home/kunalsharma/.m2/repository/ch/qos/logback/logback-classic/1.2.3/logback-classic-1.2.3.jar
7f6bd420c000-7f6bd420d000 r--s 00000000 08:01 4983079                    /home/kunalsharma/.m2/repository/org/springframework/boot/spring-boot-starter-logging/2.2.0.RELEASE/spring-boot-starter-logging-2.2.0.RELEASE.jar
7f6bd420d000-7f6bd4234000 r--s 0012b000 08:01 4983111                    /home/kunalsharma/.m2/repository/org/springframework/boot/spring-boot-autoconfigure/2.2.0.RELEASE/spring-boot-autoconfigure-2.2.0.RELEASE.jar
7f6bd4234000-7f6bd424a000 r--s 000e7000 08:01 4983095                    /home/kunalsharma/.m2/repository/org/springframework/boot/spring-boot/2.2.0.RELEASE/spring-boot-2.2.0.RELEASE.jar
7f6bd424a000-7f6bd424b000 r--s 00000000 08:01 4983061                    /home/kunalsharma/.m2/repository/org/springframework/boot/spring-boot-starter/2.2.0.RELEASE/spring-boot-starter-2.2.0.RELEASE.jar
7f6bd424b000-7f6bd424c000 r--s 00000000 08:01 5112246                    /home/kunalsharma/.m2/repository/org/springframework/boot/spring-boot-starter-web/2.2.0.RELEASE/spring-boot-starter-web-2.2.0.RELEASE.jar
7f6bd424c000-7f6bd4250000 r--s 0001c000 08:01 5244674                    /home/kunalsharma/.m2/repository/javax/xml/bind/jaxb-api/2.3.1/jaxb-api-2.3.1.jar
7f6bd4250000-7f6bd4251000 r--s 00000000 08:01 5244667                    /home/kunalsharma/.m2/repository/org/hibernate/hibernate-entitymanager/5.4.6.Final/hibernate-entitymanager-5.4.6.Final.jar
7f6bd4251000-7f6bd4256000 r--s 00049000 08:01 5112237                    /home/kunalsharma/.m2/repository/com/sun/xml/fastinfoset/FastInfoset/1.2.16/FastInfoset-1.2.16.jar
7f6bd4256000-7f6bd4258000 r--s 00008000 08:01 5112229                    /home/kunalsharma/.m2/repository/org/jvnet/staxex/stax-ex/1.8.1/stax-ex-1.8.1.jar
7f6bd4258000-7f6bd425a000 r--s 00005000 08:01 5112230                    /home/kunalsharma/.m2/repository/com/sun/istack/istack-commons-runtime/3.0.8/istack-commons-runtime-3.0.8.jar
7f6bd425a000-7f6bd425c000 r--s 00010000 08:01 5112228                    /home/kunalsharma/.m2/repository/org/glassfish/jaxb/txw2/2.3.2/txw2-2.3.2.jar
7f6bd425c000-7f6bd4271000 r--s 000e3000 08:01 4983105                    /home/kunalsharma/.m2/repository/org/glassfish/jaxb/jaxb-runtime/2.3.2/jaxb-runtime-2.3.2.jar
7f6bd4271000-7f6bd4274000 r--s 00010000 08:01 4983101                    /home/kunalsharma/.m2/repository/org/hibernate/common/hibernate-commons-annotations/5.1.0.Final/hibernate-commons-annotations-5.1.0.Final.jar
7f6bd4274000-7f6bd4279000 r--s 0004b000 08:01 5112224                    /home/kunalsharma/.m2/repository/org/dom4j/dom4j/2.1.1/dom4j-2.1.1.jar
7f6bd4279000-7f6bd427b000 r--s 0000c000 08:01 5244670                    /home/kunalsharma/.m2/repository/javax/activation/javax.activation-api/1.2.0/javax.activation-api-1.2.0.jar
7f6bd427b000-7f6bd427d000 r--s 0000f000 08:01 4983106                    /home/kunalsharma/.m2/repository/com/fasterxml/classmate/1.5.0/classmate-1.5.0.jar
7f6bd427d000-7f6bd4280000 r--s 0002b000 08:01 4983093                    /home/kunalsharma/.m2/repository/org/jboss/jandex/2.0.5.Final/jandex-2.0.5.Final.jar
7f6bd4280000-7f6bd4282000 r--s 00005000 08:01 5244671                    /home/kunalsharma/.m2/repository/org/jboss/spec/javax/transaction/jboss-transaction-api_1.2_spec/1.1.1.Final/jboss-transaction-api_1.2_spec-1.1.1.Final.jar
7f6bd4282000-7f6bd4287000 r--s 00068000 08:01 4983090                    /home/kunalsharma/.m2/repository/antlr/antlr/2.7.7/antlr-2.7.7.jar
7f6bd4287000-7f6bd42cf000 r--s 002e9000 08:01 4983091                    /home/kunalsharma/.m2/repository/net/bytebuddy/byte-buddy/1.10.1/byte-buddy-1.10.1.jar
7f6bd42cf000-7f6bd42d9000 r--s 000b4000 08:01 4983043                    /home/kunalsharma/.m2/repository/org/javassist/javassist/3.24.0-GA/javassist-3.24.0-GA.jar
7f6bd42d9000-7f6bd42df000 r--s 00023000 08:01 5244669                    /home/kunalsharma/.m2/repository/javax/persistence/javax.persistence-api/2.2/javax.persistence-api-2.2.jar
7f6bd42df000-7f6bd42e1000 r--s 0000d000 08:01 4983103                    /home/kunalsharma/.m2/repository/org/jboss/logging/jboss-logging/3.4.1.Final/jboss-logging-3.4.1.Final.jar
7f6bd42e1000-7f6bd4366000 r--s 0064d000 08:01 4983092                    /home/kunalsharma/.m2/repository/org/hibernate/hibernate-core/5.4.6.Final/hibernate-core-5.4.6.Final.jar
7f6bd4366000-7f6bd4368000 r--s 0000a000 08:01 5112242                    /home/kunalsharma/.m2/repository/org/springframework/spring-aspects/5.2.0.RELEASE/spring-aspects-5.2.0.RELEASE.jar
7f6bd4368000-7f6bd436a000 r--s 00009000 08:01 4983069                    /home/kunalsharma/.m2/repository/org/slf4j/slf4j-api/1.7.28/slf4j-api-1.7.28.jar
7f6bd436a000-7f6bd4377000 r--s 0009b000 08:01 4983097                    /home/kunalsharma/.m2/repository/org/springframework/spring-beans/5.2.0.RELEASE/spring-beans-5.2.0.RELEASE.jar
7f6bd4377000-7f6bd4380000 r--s 00044000 08:01 4983110                    /home/kunalsharma/.m2/repository/org/springframework/spring-tx/5.2.0.RELEASE/spring-tx-5.2.0.RELEASE.jar
7f6bd4380000-7f6bd439b000 r--s 0010e000 08:01 4983112                    /home/kunalsharma/.m2/repository/org/springframework/spring-context/5.2.0.RELEASE/spring-context-5.2.0.RELEASE.jar
7f6bd439b000-7f6bd43a0000 r--s 0002d000 08:01 5112244                    /home/kunalsharma/.m2/repository/org/springframework/spring-orm/5.2.0.RELEASE/spring-orm-5.2.0.RELEASE.jar
7f6bd43a0000-7f6bd43b9000 r--s 0010f000 08:01 5112236                    /home/kunalsharma/.m2/repository/org/springframework/data/spring-data-commons/2.2.0.RELEASE/spring-data-commons-2.2.0.RELEASE.jar
7f6bd43b9000-7f6bd43c1000 r--s 00052000 08:01 5112231                    /home/kunalsharma/.m2/repository/org/springframework/data/spring-data-jpa/2.2.0.RELEASE/spring-data-jpa-2.2.0.RELEASE.jar
7f6bd43c1000-7f6bd43c2000 r--s 00003000 08:01 4983051                    /home/kunalsharma/.m2/repository/jakarta/transaction/jakarta.transaction-api/1.3.3/jakarta.transaction-api-1.3.3.jar
7f6bd43c2000-7f6bd43c8000 r--s 00023000 08:01 4983085                    /home/kunalsharma/.m2/repository/jakarta/persistence/jakarta.persistence-api/2.2.3/jakarta.persistence-api-2.2.3.jar
7f6bd43c8000-7f6bd43ca000 r--s 00009000 08:01 4983078                    /home/kunalsharma/.m2/repository/jakarta/activation/jakarta.activation-api/1.2.1/jakarta.activation-api-1.2.1.jar
7f6bd43ca000-7f6bd43d4000 r--s 0005a000 08:01 4983082                    /home/kunalsharma/.m2/repository/org/springframework/spring-jdbc/5.2.0.RELEASE/spring-jdbc-5.2.0.RELEASE.jar
7f6bd43d4000-7f6bd43d7000 r--s 00023000 08:01 4983073                    /home/kunalsharma/.m2/repository/com/zaxxer/HikariCP/3.4.1/HikariCP-3.4.1.jar
7f6bd43d7000-7f6bd43d8000 r--s 00000000 08:01 4983070                    /home/kunalsharma/.m2/repository/org/springframework/boot/spring-boot-starter-jdbc/2.2.0.RELEASE/spring-boot-starter-jdbc-2.2.0.RELEASE.jar
7f6bd43d8000-7f6bd43f1000 r--s 001da000 08:01 4983086                    /home/kunalsharma/.m2/repository/org/aspectj/aspectjweaver/1.9.4/aspectjweaver-1.9.4.jar
7f6bd43f1000-7f6bd43fa000 r--s 00052000 08:01 4983099                    /home/kunalsharma/.m2/repository/org/springframework/spring-aop/5.2.0.RELEASE/spring-aop-5.2.0.RELEASE.jar
7f6bd43fa000-7f6bd43fb000 r--s 00000000 08:01 4983038                    /home/kunalsharma/.m2/repository/org/springframework/boot/spring-boot-starter-aop/2.2.0.RELEASE/spring-boot-starter-aop-2.2.0.RELEASE.jar
7f6bd43fb000-7f6bd440e000 r--s 00346000 08:01 14419411                   /usr/lib/jvm/java-8-openjdk-amd64/jre/lib/resources.jar
7f6bd440e000-7f6bd4413000 r--s 000a3000 08:01 14419382                   /usr/lib/jvm/java-8-openjdk-amd64/jre/lib/jsse.jar
7f6bd4413000-7f6bd4416000 ---p 00000000 00:00 0 
7f6bd4416000-7f6bd4514000 rw-p 00000000 00:00 0 
7f6bd4514000-7f6bd47f2000 r--p 00000000 08:01 12976345                   /usr/lib/locale/locale-archive
7f6bd47f2000-7f6bd47f5000 ---p 00000000 00:00 0 
7f6bd47f5000-7f6bd48f3000 rw-p 00000000 00:00 0 
7f6bd48f3000-7f6bd48f6000 ---p 00000000 00:00 0 
7f6bd48f6000-7f6bd49f4000 rw-p 00000000 00:00 0 
7f6bd49f4000-7f6bd49f5000 ---p 00000000 00:00 0 
7f6bd49f5000-7f6bd5a52000 rw-p 00000000 00:00 0 
7f6bd5a52000-7f6bd5c22000 r--s 03c5c000 08:01 14419415                   /usr/lib/jvm/java-8-openjdk-amd64/jre/lib/rt.jar
7f6bd5c22000-7f6bd6bd4000 rw-p 00000000 00:00 0 
7f6bd6bd4000-7f6bd6bd5000 ---p 00000000 00:00 0 
7f6bd6bd5000-7f6bd6cd5000 rw-p 00000000 00:00 0 
7f6bd6cd5000-7f6bd6cd6000 ---p 00000000 00:00 0 
7f6bd6cd6000-7f6bd6dd6000 rw-p 00000000 00:00 0 
7f6bd6dd6000-7f6bd6dd7000 ---p 00000000 00:00 0 
7f6bd6dd7000-7f6bd6f0a000 rw-p 00000000 00:00 0 
7f6bd6f0a000-7f6bd73f9000 ---p 00000000 00:00 0 
7f6bd73f9000-7f6bd742c000 rw-p 00000000 00:00 0 
7f6bd742c000-7f6bd791a000 ---p 00000000 00:00 0 
7f6bd791a000-7f6bd796b000 rw-p 00000000 00:00 0 
7f6bd796b000-7f6bd7bab000 ---p 00000000 00:00 0 
7f6bd7bab000-7f6bd7bd3000 rw-p 00000000 00:00 0 
7f6bd7bd3000-7f6bd7f6c000 ---p 00000000 00:00 0 
7f6bd7f6c000-7f6bd892c000 rwxp 00000000 00:00 0 
7f6bd892c000-7f6be6f6c000 ---p 00000000 00:00 0 
7f6be6f6c000-7f6be6f74000 r-xp 00000000 08:01 14552091                   /usr/lib/jvm/java-8-openjdk-amd64/jre/lib/amd64/libzip.so
7f6be6f74000-7f6be7173000 ---p 00008000 08:01 14552091                   /usr/lib/jvm/java-8-openjdk-amd64/jre/lib/amd64/libzip.so
7f6be7173000-7f6be7174000 r--p 00007000 08:01 14552091                   /usr/lib/jvm/java-8-openjdk-amd64/jre/lib/amd64/libzip.so
7f6be7174000-7f6be7175000 rw-p 00008000 08:01 14552091                   /usr/lib/jvm/java-8-openjdk-amd64/jre/lib/amd64/libzip.so
7f6be7175000-7f6be7180000 r-xp 00000000 08:01 30278613                   /lib/x86_64-linux-gnu/libnss_files-2.27.so
7f6be7180000-7f6be737f000 ---p 0000b000 08:01 30278613                   /lib/x86_64-linux-gnu/libnss_files-2.27.so
7f6be737f000-7f6be7380000 r--p 0000a000 08:01 30278613                   /lib/x86_64-linux-gnu/libnss_files-2.27.so
7f6be7380000-7f6be7381000 rw-p 0000b000 08:01 30278613                   /lib/x86_64-linux-gnu/libnss_files-2.27.so
7f6be7381000-7f6be7387000 rw-p 00000000 00:00 0 
7f6be7387000-7f6be739e000 r-xp 00000000 08:01 30278610                   /lib/x86_64-linux-gnu/libnsl-2.27.so
7f6be739e000-7f6be759d000 ---p 00017000 08:01 30278610                   /lib/x86_64-linux-gnu/libnsl-2.27.so
7f6be759d000-7f6be759e000 r--p 00016000 08:01 30278610                   /lib/x86_64-linux-gnu/libnsl-2.27.so
7f6be759e000-7f6be759f000 rw-p 00017000 08:01 30278610                   /lib/x86_64-linux-gnu/libnsl-2.27.so
7f6be759f000-7f6be75a1000 rw-p 00000000 00:00 0 
7f6be75a1000-7f6be75ac000 r-xp 00000000 08:01 30278615                   /lib/x86_64-linux-gnu/libnss_nis-2.27.so
7f6be75ac000-7f6be77ab000 ---p 0000b000 08:01 30278615                   /lib/x86_64-linux-gnu/libnss_nis-2.27.so
7f6be77ab000-7f6be77ac000 r--p 0000a000 08:01 30278615                   /lib/x86_64-linux-gnu/libnss_nis-2.27.so
7f6be77ac000-7f6be77ad000 rw-p 0000b000 08:01 30278615                   /lib/x86_64-linux-gnu/libnss_nis-2.27.so
7f6be77ad000-7f6be77b5000 r-xp 00000000 08:01 30278611                   /lib/x86_64-linux-gnu/libnss_compat-2.27.so
7f6be77b5000-7f6be79b5000 ---p 00008000 08:01 30278611                   /lib/x86_64-linux-gnu/libnss_compat-2.27.so
7f6be79b5000-7f6be79b6000 r--p 00008000 08:01 30278611                   /lib/x86_64-linux-gnu/libnss_compat-2.27.so
7f6be79b6000-7f6be79b7000 rw-p 00009000 08:01 30278611                   /lib/x86_64-linux-gnu/libnss_compat-2.27.so
7f6be79b7000-7f6be79c1000 r-xp 00000000 08:01 14552043                   /usr/lib/jvm/java-8-openjdk-amd64/jre/lib/amd64/libinstrument.so
7f6be79c1000-7f6be7bc0000 ---p 0000a000 08:01 14552043                   /usr/lib/jvm/java-8-openjdk-amd64/jre/lib/amd64/libinstrument.so
7f6be7bc0000-7f6be7bc1000 r--p 00009000 08:01 14552043                   /usr/lib/jvm/java-8-openjdk-amd64/jre/lib/amd64/libinstrument.so
7f6be7bc1000-7f6be7bc2000 rw-p 0000a000 08:01 14552043                   /usr/lib/jvm/java-8-openjdk-amd64/jre/lib/amd64/libinstrument.so
7f6be7bc2000-7f6be7bec000 r-xp 00000000 08:01 14552053                   /usr/lib/jvm/java-8-openjdk-amd64/jre/lib/amd64/libjava.so
7f6be7bec000-7f6be7deb000 ---p 0002a000 08:01 14552053                   /usr/lib/jvm/java-8-openjdk-amd64/jre/lib/amd64/libjava.so
7f6be7deb000-7f6be7dec000 r--p 00029000 08:01 14552053                   /usr/lib/jvm/java-8-openjdk-amd64/jre/lib/amd64/libjava.so
7f6be7dec000-7f6be7dee000 rw-p 0002a000 08:01 14552053                   /usr/lib/jvm/java-8-openjdk-amd64/jre/lib/amd64/libjava.so
7f6be7dee000-7f6be7dfe000 r-xp 00000000 08:01 14552089                   /usr/lib/jvm/java-8-openjdk-amd64/jre/lib/amd64/libverify.so
7f6be7dfe000-7f6be7ffd000 ---p 00010000 08:01 14552089                   /usr/lib/jvm/java-8-openjdk-amd64/jre/lib/amd64/libverify.so
7f6be7ffd000-7f6be7fff000 r--p 0000f000 08:01 14552089                   /usr/lib/jvm/java-8-openjdk-amd64/jre/lib/amd64/libverify.so
7f6be7fff000-7f6be8000000 rw-p 00011000 08:01 14552089                   /usr/lib/jvm/java-8-openjdk-amd64/jre/lib/amd64/libverify.so
7f6be8000000-7f6be9498000 rw-p 00000000 00:00 0 
7f6be9498000-7f6bec000000 ---p 00000000 00:00 0 
7f6bec000000-7f6bec001000 r--s 00000000 08:01 4982998                    /home/kunalsharma/.m2/repository/org/springframework/boot/spring-boot-starter-data-jpa/2.2.0.RELEASE/spring-boot-starter-data-jpa-2.2.0.RELEASE.jar
7f6bec001000-7f6bec003000 r--s 00016000 08:01 14419366                   /usr/lib/jvm/java-8-openjdk-amd64/jre/lib/jce.jar
7f6bec003000-7f6bec008000 r--s 002f9000 08:01 14418264                   /usr/lib/jvm/java-8-openjdk-amd64/jre/lib/charsets.jar
7f6bec008000-7f6bec012000 r--s 00116000 08:01 14552111                   /usr/lib/jvm/java-8-openjdk-amd64/jre/lib/ext/localedata.jar
7f6bec012000-7f6bec088000 rw-p 00000000 00:00 0 
7f6bec088000-7f6bec089000 ---p 00000000 00:00 0 
7f6bec089000-7f6bec189000 rw-p 00000000 00:00 0 
7f6bec189000-7f6bec190000 r-xp 00000000 08:01 30278620                   /lib/x86_64-linux-gnu/librt-2.27.so
7f6bec190000-7f6bec38f000 ---p 00007000 08:01 30278620                   /lib/x86_64-linux-gnu/librt-2.27.so
7f6bec38f000-7f6bec390000 r--p 00006000 08:01 30278620                   /lib/x86_64-linux-gnu/librt-2.27.so
7f6bec390000-7f6bec391000 rw-p 00007000 08:01 30278620                   /lib/x86_64-linux-gnu/librt-2.27.so
7f6bec391000-7f6bec3a8000 r-xp 00000000 08:01 30278646                   /lib/x86_64-linux-gnu/libgcc_s.so.1
7f6bec3a8000-7f6bec5a7000 ---p 00017000 08:01 30278646                   /lib/x86_64-linux-gnu/libgcc_s.so.1
7f6bec5a7000-7f6bec5a8000 r--p 00016000 08:01 30278646                   /lib/x86_64-linux-gnu/libgcc_s.so.1
7f6bec5a8000-7f6bec5a9000 rw-p 00017000 08:01 30278646                   /lib/x86_64-linux-gnu/libgcc_s.so.1
7f6bec5a9000-7f6bec746000 r-xp 00000000 08:01 30278607                   /lib/x86_64-linux-gnu/libm-2.27.so
7f6bec746000-7f6bec945000 ---p 0019d000 08:01 30278607                   /lib/x86_64-linux-gnu/libm-2.27.so
7f6bec945000-7f6bec946000 r--p 0019c000 08:01 30278607                   /lib/x86_64-linux-gnu/libm-2.27.so
7f6bec946000-7f6bec947000 rw-p 0019d000 08:01 30278607                   /lib/x86_64-linux-gnu/libm-2.27.so
7f6bec947000-7f6becac0000 r-xp 00000000 08:01 12981151                   /usr/lib/x86_64-linux-gnu/libstdc++.so.6.0.25
7f6becac0000-7f6beccc0000 ---p 00179000 08:01 12981151                   /usr/lib/x86_64-linux-gnu/libstdc++.so.6.0.25
7f6beccc0000-7f6beccca000 r--p 00179000 08:01 12981151                   /usr/lib/x86_64-linux-gnu/libstdc++.so.6.0.25
7f6beccca000-7f6becccc000 rw-p 00183000 08:01 12981151                   /usr/lib/x86_64-linux-gnu/libstdc++.so.6.0.25
7f6becccc000-7f6beccd0000 rw-p 00000000 00:00 0 
7f6beccd0000-7f6bed96f000 r-xp 00000000 08:01 14681768                   /usr/lib/jvm/java-8-openjdk-amd64/jre/lib/amd64/server/libjvm.so
7f6bed96f000-7f6bedb6f000 ---p 00c9f000 08:01 14681768                   /usr/lib/jvm/java-8-openjdk-amd64/jre/lib/amd64/server/libjvm.so
7f6bedb6f000-7f6bedc03000 r--p 00c9f000 08:01 14681768                   /usr/lib/jvm/java-8-openjdk-amd64/jre/lib/amd64/server/libjvm.so
7f6bedc03000-7f6bedc2c000 rw-p 00d33000 08:01 14681768                   /usr/lib/jvm/java-8-openjdk-amd64/jre/lib/amd64/server/libjvm.so
7f6bedc2c000-7f6bedc5c000 rw-p 00000000 00:00 0 
7f6bedc5c000-7f6bedc76000 r-xp 00000000 08:01 30278618                   /lib/x86_64-linux-gnu/libpthread-2.27.so
7f6bedc76000-7f6bede75000 ---p 0001a000 08:01 30278618                   /lib/x86_64-linux-gnu/libpthread-2.27.so
7f6bede75000-7f6bede76000 r--p 00019000 08:01 30278618                   /lib/x86_64-linux-gnu/libpthread-2.27.so
7f6bede76000-7f6bede77000 rw-p 0001a000 08:01 30278618                   /lib/x86_64-linux-gnu/libpthread-2.27.so
7f6bede77000-7f6bede7b000 rw-p 00000000 00:00 0 
7f6bede7b000-7f6bede7e000 r-xp 00000000 08:01 30278606                   /lib/x86_64-linux-gnu/libdl-2.27.so
7f6bede7e000-7f6bee07d000 ---p 00003000 08:01 30278606                   /lib/x86_64-linux-gnu/libdl-2.27.so
7f6bee07d000-7f6bee07e000 r--p 00002000 08:01 30278606                   /lib/x86_64-linux-gnu/libdl-2.27.so
7f6bee07e000-7f6bee07f000 rw-p 00003000 08:01 30278606                   /lib/x86_64-linux-gnu/libdl-2.27.so
7f6bee07f000-7f6bee09b000 r-xp 00000000 08:01 30278630                   /lib/x86_64-linux-gnu/libz.so.1.2.11
7f6bee09b000-7f6bee29a000 ---p 0001c000 08:01 30278630                   /lib/x86_64-linux-gnu/libz.so.1.2.11
7f6bee29a000-7f6bee29b000 r--p 0001b000 08:01 30278630                   /lib/x86_64-linux-gnu/libz.so.1.2.11
7f6bee29b000-7f6bee29c000 rw-p 0001c000 08:01 30278630                   /lib/x86_64-linux-gnu/libz.so.1.2.11
7f6bee29c000-7f6bee483000 r-xp 00000000 08:01 30278603                   /lib/x86_64-linux-gnu/libc-2.27.so
7f6bee483000-7f6bee683000 ---p 001e7000 08:01 30278603                   /lib/x86_64-linux-gnu/libc-2.27.so
7f6bee683000-7f6bee687000 r--p 001e7000 08:01 30278603                   /lib/x86_64-linux-gnu/libc-2.27.so
7f6bee687000-7f6bee689000 rw-p 001eb000 08:01 30278603                   /lib/x86_64-linux-gnu/libc-2.27.so
7f6bee689000-7f6bee68d000 rw-p 00000000 00:00 0 
7f6bee68d000-7f6bee69b000 r-xp 00000000 08:01 14552025                   /usr/lib/jvm/java-8-openjdk-amd64/jre/lib/amd64/jli/libjli.so
7f6bee69b000-7f6bee89a000 ---p 0000e000 08:01 14552025                   /usr/lib/jvm/java-8-openjdk-amd64/jre/lib/amd64/jli/libjli.so
7f6bee89a000-7f6bee89b000 r--p 0000d000 08:01 14552025                   /usr/lib/jvm/java-8-openjdk-amd64/jre/lib/amd64/jli/libjli.so
7f6bee89b000-7f6bee89c000 rw-p 0000e000 08:01 14552025                   /usr/lib/jvm/java-8-openjdk-amd64/jre/lib/amd64/jli/libjli.so
7f6bee89c000-7f6bee8c3000 r-xp 00000000 08:01 30278599                   /lib/x86_64-linux-gnu/ld-2.27.so
7f6bee8c3000-7f6bee8c4000 r--s 00000000 08:01 14419398                   /usr/lib/jvm/java-8-openjdk-amd64/jre/lib/management-agent.jar
7f6bee8c4000-7f6bee8c5000 r--s 00010000 08:01 14552128                   /usr/lib/jvm/java-8-openjdk-amd64/jre/lib/ext/zipfs.jar
7f6bee8c5000-7f6bee8c6000 r--s 0000d000 08:01 14552115                   /usr/lib/jvm/java-8-openjdk-amd64/jre/lib/ext/sunec.jar
7f6bee8c6000-7f6bee8e1000 r--s 001d6000 08:01 14552113                   /usr/lib/jvm/java-8-openjdk-amd64/jre/lib/ext/nashorn.jar
7f6bee8e1000-7f6bee8fc000 r--s 00394000 08:01 14552103                   /usr/lib/jvm/java-8-openjdk-amd64/jre/lib/ext/cldrdata.jar
7f6bee8fc000-7f6bee9a4000 rw-p 00000000 00:00 0 
7f6bee9a4000-7f6bee9a5000 ---p 00000000 00:00 0 
7f6bee9a5000-7f6bee9a8000 ---p 00000000 00:00 0 
7f6bee9a8000-7f6beeaa7000 rw-p 00000000 00:00 0 
7f6beeaa7000-7f6beeaaa000 r--s 00039000 08:01 14552119                   /usr/lib/jvm/java-8-openjdk-amd64/jre/lib/ext/sunpkcs11.jar
7f6beeaaa000-7f6beeaab000 r--s 0000a000 08:01 14552109                   /usr/lib/jvm/java-8-openjdk-amd64/jre/lib/ext/jaccess.jar
7f6beeaab000-7f6beeaae000 r--s 0000f000 08:01 14552107                   /usr/lib/jvm/java-8-openjdk-amd64/jre/lib/ext/icedtea-sound.jar
7f6beeaae000-7f6beeab3000 r--s 0003c000 08:01 14552117                   /usr/lib/jvm/java-8-openjdk-amd64/jre/lib/ext/sunjce_provider.jar
7f6beeab3000-7f6beeab5000 r--s 00001000 08:01 14552105                   /usr/lib/jvm/java-8-openjdk-amd64/jre/lib/ext/dnsns.jar
7f6beeab5000-7f6beeab7000 r--s 00007000 08:01 13501564                   /usr/share/java/java-atk-wrapper.jar
7f6beeab7000-7f6beeabf000 rw-s 00000000 08:01 2360304                    /tmp/hsperfdata_kunalsharma/6087
7f6beeabf000-7f6beeac0000 rw-p 00000000 00:00 0 
7f6beeac0000-7f6beeac1000 ---p 00000000 00:00 0 
7f6beeac1000-7f6beeac3000 rw-p 00000000 00:00 0 
7f6beeac3000-7f6beeac4000 r--p 00027000 08:01 30278599                   /lib/x86_64-linux-gnu/ld-2.27.so
7f6beeac4000-7f6beeac5000 rw-p 00028000 08:01 30278599                   /lib/x86_64-linux-gnu/ld-2.27.so
7f6beeac5000-7f6beeac6000 rw-p 00000000 00:00 0 
7ffdfdd11000-7ffdfdd34000 rw-p 00000000 00:00 0                          [stack]
7ffdfdda1000-7ffdfdda4000 r--p 00000000 00:00 0                          [vvar]
7ffdfdda4000-7ffdfdda6000 r-xp 00000000 00:00 0                          [vdso]
ffffffffff600000-ffffffffff601000 r-xp 00000000 00:00 0                  [vsyscall]

VM Arguments:
jvm_args: -javaagent:/home/kunalsharma/Downloads/idea-IC-192.6262.58/lib/idea_rt.jar=43111:/home/kunalsharma/Downloads/idea-IC-192.6262.58/bin -Dfile.encoding=UTF-8 
java_command: Library.Management.Application
java_class_path (initial): /usr/lib/jvm/java-8-openjdk-amd64/jre/lib/charsets.jar:/usr/lib/jvm/java-8-openjdk-amd64/jre/lib/ext/cldrdata.jar:/usr/lib/jvm/java-8-openjdk-amd64/jre/lib/ext/dnsns.jar:/usr/lib/jvm/java-8-openjdk-amd64/jre/lib/ext/icedtea-sound.jar:/usr/lib/jvm/java-8-openjdk-amd64/jre/lib/ext/jaccess.jar:/usr/lib/jvm/java-8-openjdk-amd64/jre/lib/ext/java-atk-wrapper.jar:/usr/lib/jvm/java-8-openjdk-amd64/jre/lib/ext/localedata.jar:/usr/lib/jvm/java-8-openjdk-amd64/jre/lib/ext/nashorn.jar:/usr/lib/jvm/java-8-openjdk-amd64/jre/lib/ext/sunec.jar:/usr/lib/jvm/java-8-openjdk-amd64/jre/lib/ext/sunjce_provider.jar:/usr/lib/jvm/java-8-openjdk-amd64/jre/lib/ext/sunpkcs11.jar:/usr/lib/jvm/java-8-openjdk-amd64/jre/lib/ext/zipfs.jar:/usr/lib/jvm/java-8-openjdk-amd64/jre/lib/jce.jar:/usr/lib/jvm/java-8-openjdk-amd64/jre/lib/jsse.jar:/usr/lib/jvm/java-8-openjdk-amd64/jre/lib/management-agent.jar:/usr/lib/jvm/java-8-openjdk-amd64/jre/lib/resources.jar:/usr/lib/jvm/java-8-openjdk-amd64/jre/lib/rt.jar:/home/kunalsharma/Downloads/demo/target/classes:/home/kunalsharma/.m2/repository/org/springframework/boot/spring-boot-starter-data-jpa/2.2.0.RELEASE/spring-boot-starter-data-jpa-2.2.0.RELEASE.jar:/home/kunalsharma/.m2/repository/org/springframework/boot/spring-boot-starter-aop/2.2.0.RELEASE/spring-boot-starter-aop-2.2.0.RELEASE.jar:/home/kunalsharma/.m2/repository/org/springframework/spring-aop/5.2.0.RELEASE/spring-aop-5.2.0.RELEASE.jar:/home/kunalsharma/.m2/repository/org/aspectj/aspectjweaver/1.9.4/aspectjweaver-1.9.4.jar:/home/kunalsharma/.m2/repository/org/springframework/boot/spring-boot-starter-jdbc/2.2.0.RELEASE/spring-boot-starter-jdbc-2.2.0.RELEASE.jar:/home/kunalsharma/.m2/repository/com/zaxxer/HikariCP/3.4.1/HikariCP-3.4.1.jar:/home/kunalsharma/.m2/repository/org/springframework/spring-jdbc/5.2.0.RELEASE/spring-jdbc-5.2.0.RELEASE.jar:/home/kunalsharma/.m2/repository/jakarta/activation/jakarta.activation-api/1.2.1/jakarta.activation-api-1.2.1.jar:/home/kunalshar
Launcher Type: SUN_STANDARD

Environment Variables:
PATH=/home/kunalsharma/bin:/home/kunalsharma/.local/bin:/usr/local/sbin:/usr/local/bin:/usr/sbin:/usr/bin:/sbin:/bin:/usr/games:/usr/local/games:/snap/bin
USERNAME=kunalsharma
SHELL=/bin/bash
DISPLAY=:0

Signal Handlers:
SIGSEGV: [libjvm.so+0xab92f0], sa_mask[0]=11111111011111111101111111111110, sa_flags=SA_RESTART|SA_SIGINFO
SIGBUS: [libjvm.so+0xab92f0], sa_mask[0]=11111111011111111101111111111110, sa_flags=SA_RESTART|SA_SIGINFO
SIGFPE: [libjvm.so+0x8ee560], sa_mask[0]=11111111011111111101111111111110, sa_flags=SA_RESTART|SA_SIGINFO
SIGPIPE: [libjvm.so+0x8ee560], sa_mask[0]=11111111011111111101111111111110, sa_flags=SA_RESTART|SA_SIGINFO
SIGXFSZ: [libjvm.so+0x8ee560], sa_mask[0]=11111111011111111101111111111110, sa_flags=SA_RESTART|SA_SIGINFO
SIGILL: [libjvm.so+0x8ee560], sa_mask[0]=11111111011111111101111111111110, sa_flags=SA_RESTART|SA_SIGINFO
SIGUSR1: SIG_DFL, sa_mask[0]=00000000000000000000000000000000, sa_flags=none
SIGUSR2: [libjvm.so+0x8ee410], sa_mask[0]=00100000000000000000000000000000, sa_flags=SA_RESTART|SA_SIGINFO
SIGHUP: [libjvm.so+0x8eea80], sa_mask[0]=11111111011111111101111111111110, sa_flags=SA_RESTART|SA_SIGINFO
SIGINT: [libjvm.so+0x8eea80], sa_mask[0]=11111111011111111101111111111110, sa_flags=SA_RESTART|SA_SIGINFO
SIGTERM: [libjvm.so+0x8eea80], sa_mask[0]=11111111011111111101111111111110, sa_flags=SA_RESTART|SA_SIGINFO
SIGQUIT: [libjvm.so+0x8eea80], sa_mask[0]=11111111011111111101111111111110, sa_flags=SA_RESTART|SA_SIGINFO


---------------  S Y S T E M  ---------------

OS:DISTRIB_ID=Ubuntu
DISTRIB_RELEASE=18.04
DISTRIB_CODENAME=bionic
DISTRIB_DESCRIPTION="Ubuntu 18.04.3 LTS"

uname:Linux 4.15.0-70-generic #79-Ubuntu SMP Tue Nov 12 10:36:11 UTC 2019 x86_64
libc:glibc 2.27 NPTL 2.27 
rlimit: STACK 8192k, CORE 0k, NPROC 62836, NOFILE 1048576, AS infinity
load average:0.91 0.33 0.90

/proc/meminfo:
MemTotal:       16131080 kB
MemFree:         9302824 kB
MemAvailable:   11133644 kB
Buffers:          116436 kB
Cached:          2584576 kB
SwapCached:            0 kB
Active:          4860156 kB
Inactive:        1589500 kB
Active(anon):    3750500 kB
Inactive(anon):   666292 kB
Active(file):    1109656 kB
Inactive(file):   923208 kB
Unevictable:          48 kB
Mlocked:              48 kB
SwapTotal:        998396 kB
SwapFree:         998396 kB
Dirty:              1388 kB
Writeback:             0 kB
AnonPages:       3748812 kB
Mapped:           860940 kB
Shmem:            668148 kB
Slab:             171980 kB
SReclaimable:     100364 kB
SUnreclaim:        71616 kB
KernelStack:       18256 kB
PageTables:        92564 kB
NFS_Unstable:          0 kB
Bounce:                0 kB
WritebackTmp:          0 kB
CommitLimit:     9063936 kB
Committed_AS:   14791308 kB
VmallocTotal:   34359738367 kB
VmallocUsed:           0 kB
VmallocChunk:          0 kB
HardwareCorrupted:     0 kB
AnonHugePages:         0 kB
ShmemHugePages:        0 kB
ShmemPmdMapped:        0 kB
CmaTotal:              0 kB
CmaFree:               0 kB
HugePages_Total:       0
HugePages_Free:        0
HugePages_Rsvd:        0
HugePages_Surp:        0
Hugepagesize:       2048 kB
DirectMap4k:      270972 kB
DirectMap2M:     9916416 kB
DirectMap1G:     6291456 kB

container (cgroup) information:
container_type: cgroupv1
cpu_cpuset_cpus: 0-3
cpu_memory_nodes: 0
active_processor_count: 4
cpu_quota: -1
cpu_period: 100000
cpu_shares: -1
memory_limit_in_bytes: -1
memory_and_swap_limit_in_bytes: -2
memory_soft_limit_in_bytes: -1
memory_usage_in_bytes: 6604840960
memory_max_usage_in_bytes: 0


CPU:total 4 (initial active 4) (2 cores per cpu, 2 threads per core) family 6 model 61 stepping 4, cmov, cx8, fxsr, mmx, sse, sse2, sse3, ssse3, sse4.1, sse4.2, popcnt, avx, avx2, aes, clmul, erms, 3dnowpref, lzcnt, ht, tsc, tscinvbit, bmi1, bmi2, adx

/proc/cpuinfo:
processor	: 0
vendor_id	: GenuineIntel
cpu family	: 6
model		: 61
model name	: Intel(R) Core(TM) i5-5200U CPU @ 2.20GHz
stepping	: 4
microcode	: 0x2e
cpu MHz		: 2494.222
cache size	: 3072 KB
physical id	: 0
siblings	: 4
core id		: 0
cpu cores	: 2
apicid		: 0
initial apicid	: 0
fpu		: yes
fpu_exception	: yes
cpuid level	: 20
wp		: yes
flags		: fpu vme de pse tsc msr pae mce cx8 apic sep mtrr pge mca cmov pat pse36 clflush dts acpi mmx fxsr sse sse2 ss ht tm pbe syscall nx pdpe1gb rdtscp lm constant_tsc arch_perfmon pebs bts rep_good nopl xtopology nonstop_tsc cpuid aperfmperf pni pclmulqdq dtes64 monitor ds_cpl vmx est tm2 ssse3 sdbg fma cx16 xtpr pdcm pcid sse4_1 sse4_2 x2apic movbe popcnt tsc_deadline_timer aes xsave avx f16c rdrand lahf_lm abm 3dnowprefetch cpuid_fault epb invpcid_single pti ssbd ibrs ibpb stibp tpr_shadow vnmi flexpriority ept vpid fsgsbase tsc_adjust bmi1 avx2 smep bmi2 erms invpcid rdseed adx smap intel_pt xsaveopt dtherm ida arat pln pts md_clear flush_l1d
bugs		: cpu_meltdown spectre_v1 spectre_v2 spec_store_bypass l1tf mds swapgs itlb_multihit
bogomips	: 4389.77
clflush size	: 64
cache_alignment	: 64
address sizes	: 39 bits physical, 48 bits virtual
power management:

processor	: 1
vendor_id	: GenuineIntel
cpu family	: 6
model		: 61
model name	: Intel(R) Core(TM) i5-5200U CPU @ 2.20GHz
stepping	: 4
microcode	: 0x2e
cpu MHz		: 2494.222
cache size	: 3072 KB
physical id	: 0
siblings	: 4
core id		: 0
cpu cores	: 2
apicid		: 1
initial apicid	: 1
fpu		: yes
fpu_exception	: yes
cpuid level	: 20
wp		: yes
flags		: fpu vme de pse tsc msr pae mce cx8 apic sep mtrr pge mca cmov pat pse36 clflush dts acpi mmx fxsr sse sse2 ss ht tm pbe syscall nx pdpe1gb rdtscp lm constant_tsc arch_perfmon pebs bts rep_good nopl xtopology nonstop_tsc cpuid aperfmperf pni pclmulqdq dtes64 monitor ds_cpl vmx est tm2 ssse3 sdbg fma cx16 xtpr pdcm pcid sse4_1 sse4_2 x2apic movbe popcnt tsc_deadline_timer aes xsave avx f16c rdrand lahf_lm abm 3dnowprefetch cpuid_fault epb invpcid_single pti ssbd ibrs ibpb stibp tpr_shadow vnmi flexpriority ept vpid fsgsbase tsc_adjust bmi1 avx2 smep bmi2 erms invpcid rdseed adx smap intel_pt xsaveopt dtherm ida arat pln pts md_clear flush_l1d
bugs		: cpu_meltdown spectre_v1 spectre_v2 spec_store_bypass l1tf mds swapgs itlb_multihit
bogomips	: 4389.77
clflush size	: 64
cache_alignment	: 64
address sizes	: 39 bits physical, 48 bits virtual
power management:

processor	: 2
vendor_id	: GenuineIntel
cpu family	: 6
model		: 61
model name	: Intel(R) Core(TM) i5-5200U CPU @ 2.20GHz
stepping	: 4
microcode	: 0x2e
cpu MHz		: 2494.208
cache size	: 3072 KB
physical id	: 0
siblings	: 4
core id		: 1
cpu cores	: 2
apicid		: 2
initial apicid	: 2
fpu		: yes
fpu_exception	: yes
cpuid level	: 20
wp		: yes
flags		: fpu vme de pse tsc msr pae mce cx8 apic sep mtrr pge mca cmov pat pse36 clflush dts acpi mmx fxsr sse sse2 ss ht tm pbe syscall nx pdpe1gb rdtscp lm constant_tsc arch_perfmon pebs bts rep_good nopl xtopology nonstop_tsc cpuid aperfmperf pni pclmulqdq dtes64 monitor ds_cpl vmx est tm2 ssse3 sdbg fma cx16 xtpr pdcm pcid sse4_1 sse4_2 x2apic movbe popcnt tsc_deadline_timer aes xsave avx f16c rdrand lahf_lm abm 3dnowprefetch cpuid_fault epb invpcid_single pti ssbd ibrs ibpb stibp tpr_shadow vnmi flexpriority ept vpid fsgsbase tsc_adjust bmi1 avx2 smep bmi2 erms invpcid rdseed adx smap intel_pt xsaveopt dtherm ida arat pln pts md_clear flush_l1d
bugs		: cpu_meltdown spectre_v1 spectre_v2 spec_store_bypass l1tf mds swapgs itlb_multihit
bogomips	: 4389.77
clflush size	: 64
cache_alignment	: 64
address sizes	: 39 bits physical, 48 bits virtual
power management:

processor	: 3
vendor_id	: GenuineIntel
cpu family	: 6
model		: 61
model name	: Intel(R) Core(TM) i5-5200U CPU @ 2.20GHz
stepping	: 4
microcode	: 0x2e
cpu MHz		: 2494.216
cache size	: 3072 KB
physical id	: 0
siblings	: 4
core id		: 1
cpu cores	: 2
apicid		: 3
initial apicid	: 3
fpu		: yes
fpu_exception	: yes
cpuid level	: 20
wp		: yes
flags		: fpu vme de pse tsc msr pae mce cx8 apic sep mtrr pge mca cmov pat pse36 clflush dts acpi mmx fxsr sse sse2 ss ht tm pbe syscall nx pdpe1gb rdtscp lm constant_tsc arch_perfmon pebs bts rep_good nopl xtopology nonstop_tsc cpuid aperfmperf pni pclmulqdq dtes64 monitor ds_cpl vmx est tm2 ssse3 sdbg fma cx16 xtpr pdcm pcid sse4_1 sse4_2 x2apic movbe popcnt tsc_deadline_timer aes xsave avx f16c rdrand lahf_lm abm 3dnowprefetch cpuid_fault epb invpcid_single pti ssbd ibrs ibpb stibp tpr_shadow vnmi flexpriority ept vpid fsgsbase tsc_adjust bmi1 avx2 smep bmi2 erms invpcid rdseed adx smap intel_pt xsaveopt dtherm ida arat pln pts md_clear flush_l1d
bugs		: cpu_meltdown spectre_v1 spectre_v2 spec_store_bypass l1tf mds swapgs itlb_multihit
bogomips	: 4389.77
clflush size	: 64
cache_alignment	: 64
address sizes	: 39 bits physical, 48 bits virtual
power management:



Memory: 4k page, physical 16131080k(9302824k free), swap 998396k(998396k free)

vm_info: OpenJDK 64-Bit Server VM (25.222-b10) for linux-amd64 JRE (1.8.0_222-8u222-b10-1ubuntu1~18.04.1-b10), built on Jul 18 2019 18:52:48 by "buildd" with gcc 7.4.0

time: Mon Nov 25 11:13:48 2019
timezone: IST
elapsed time: 5 seconds (0d 0h 0m 5s)

